<?xml version="1.0" encoding="UTF-8"?>
<testng-results skipped="0" failed="1" ignored="0" total="1" passed="0">
  <reporter-output>
  </reporter-output>
  <suite name="Default suite" duration-ms="6576" started-at="2020-05-20T17:01:40 IST" finished-at="2020-05-20T17:01:47 IST">
    <groups>
    </groups>
    <test name="Default test" duration-ms="6576" started-at="2020-05-20T17:01:40 IST" finished-at="2020-05-20T17:01:47 IST">
      <class name="com.DriverDetails.TC001_Get_List_Users">
        <test-method status="PASS" signature="setup()[pri:0, instance:com.DriverDetails.TC001_Get_List_Users@6ee52dcd]" name="setup" is-config="true" duration-ms="157" started-at="2020-05-20T17:01:40 IST" finished-at="2020-05-20T17:01:41 IST">
          <reporter-output>
          </reporter-output>
        </test-method> <!-- setup -->
        <test-method status="FAIL" signature="getList_Users()[pri:0, instance:com.DriverDetails.TC001_Get_List_Users@6ee52dcd]" name="getList_Users" duration-ms="5920" started-at="2020-05-20T17:01:41 IST" finished-at="2020-05-20T17:01:46 IST">
          <exception class="java.lang.AssertionError">
            <message>
              <![CDATA[expected [cloudflare] but found [null]]]>
            </message>
            <full-stacktrace>
              <![CDATA[java.lang.AssertionError: expected [cloudflare] but found [null]
at org.testng.Assert.fail(Assert.java:97)
at org.testng.Assert.failNotEquals(Assert.java:969)
at org.testng.Assert.assertEqualsImpl(Assert.java:131)
at org.testng.Assert.assertEquals(Assert.java:118)
at org.testng.Assert.assertEquals(Assert.java:575)
at org.testng.Assert.assertEquals(Assert.java:585)
at com.Passenger.RestUtility.Helper.check_ServerType(Helper.java:138)
at com.DriverDetails.TC001_Get_List_Users.getList_Users(TC001_Get_List_Users.java:49)
at sun.reflect.NativeMethodAccessorImpl.invoke0(Native Method)
at sun.reflect.NativeMethodAccessorImpl.invoke(Unknown Source)
at sun.reflect.DelegatingMethodAccessorImpl.invoke(Unknown Source)
at java.lang.reflect.Method.invoke(Unknown Source)
at org.testng.internal.MethodInvocationHelper.invokeMethod(MethodInvocationHelper.java:134)
at org.testng.internal.TestInvoker.invokeMethod(TestInvoker.java:597)
at org.testng.internal.TestInvoker.invokeTestMethod(TestInvoker.java:173)
at org.testng.internal.MethodRunner.runInSequence(MethodRunner.java:46)
at org.testng.internal.TestInvoker$MethodInvocationAgent.invoke(TestInvoker.java:816)
at org.testng.internal.TestInvoker.invokeTestMethods(TestInvoker.java:146)
at org.testng.internal.TestMethodWorker.invokeTestMethods(TestMethodWorker.java:146)
at org.testng.internal.TestMethodWorker.run(TestMethodWorker.java:128)
at java.util.ArrayList.forEach(Unknown Source)
at org.testng.TestRunner.privateRun(TestRunner.java:766)
at org.testng.TestRunner.run(TestRunner.java:587)
at org.testng.SuiteRunner.runTest(SuiteRunner.java:384)
at org.testng.SuiteRunner.runSequentially(SuiteRunner.java:378)
at org.testng.SuiteRunner.privateRun(SuiteRunner.java:337)
at org.testng.SuiteRunner.run(SuiteRunner.java:286)
at org.testng.SuiteRunnerWorker.runSuite(SuiteRunnerWorker.java:53)
at org.testng.SuiteRunnerWorker.run(SuiteRunnerWorker.java:96)
at org.testng.TestNG.runSuitesSequentially(TestNG.java:1187)
at org.testng.TestNG.runSuitesLocally(TestNG.java:1109)
at org.testng.TestNG.runSuites(TestNG.java:1039)
at org.testng.TestNG.run(TestNG.java:1007)
at org.testng.remote.AbstractRemoteTestNG.run(AbstractRemoteTestNG.java:115)
at org.testng.remote.RemoteTestNG.initAndRun(RemoteTestNG.java:251)
at org.testng.remote.RemoteTestNG.main(RemoteTestNG.java:77)
]]>
            </full-stacktrace>
          </exception> <!-- java.lang.AssertionError -->
          <reporter-output>
          </reporter-output>
        </test-method> <!-- getList_Users -->
        <test-method status="PASS" signature="tearDown(org.testng.ITestResult)[pri:0, instance:com.DriverDetails.TC001_Get_List_Users@6ee52dcd]" name="tearDown" is-config="true" duration-ms="13" started-at="2020-05-20T17:01:46 IST" finished-at="2020-05-20T17:01:46 IST">
          <params>
            <param index="0">
              <value>
                <![CDATA[[TestResult name=getList_Users status=FAILURE method=TC001_Get_List_Users.getList_Users()[pri:0, instance:com.DriverDetails.TC001_Get_List_Users@6ee52dcd] output={null}]]]>
              </value>
            </param>
          </params>
          <reporter-output>
          </reporter-output>
        </test-method> <!-- tearDown -->
        <test-method status="PASS" signature="endReport()[pri:0, instance:com.DriverDetails.TC001_Get_List_Users@6ee52dcd]" name="endReport" is-config="true" duration-ms="446" started-at="2020-05-20T17:01:46 IST" finished-at="2020-05-20T17:01:47 IST">
          <reporter-output>
          </reporter-output>
        </test-method> <!-- endReport -->
      </class> <!-- com.DriverDetails.TC001_Get_List_Users -->
    </test> <!-- Default test -->
  </suite> <!-- Default suite -->
</testng-results>
